11:02:10.400 DEBUG LoggingFile -Debug message logged
11:02:10.405 ERROR LoggingFile -Error message logged
11:02:10.405 FATAL LoggingFile -Fatal Message Logged
11:18:12.181 TRACE LoggingFile -Trace message logged
11:18:12.188 DEBUG LoggingFile -Debug message logged
11:18:12.188 INFO  LoggingFile -Info message logged
11:18:12.188 ERROR LoggingFile -Error message logged
11:18:12.188 FATAL LoggingFile -Fatal Message Logged
11:21:26.089 INFO  LoggingFile -Info message logged
11:21:26.089 INFO  LoggingFile -Info message logged
11:21:26.096 ERROR LoggingFile -Error message logged
11:21:26.096 ERROR LoggingFile -Error message logged
11:21:26.097 FATAL LoggingFile -Fatal Message Logged
11:21:26.097 FATAL LoggingFile -Fatal Message Logged
11:22:17.307 INFO  LoggingFile -Info message logged
11:22:17.312 ERROR LoggingFile -Error message logged
11:22:17.312 FATAL LoggingFile -Fatal Message Logged
11:23:00.443 DEBUG LoggingDemo -Debug message logged
11:23:00.446 ERROR LoggingDemo -Error message logged
11:23:00.446 FATAL LoggingDemo -Fatal Message Logged
11:25:13.796 INFO  loogingfile.LoggingFile -Info message logged
11:25:13.799 ERROR loogingfile.LoggingFile -Error message logged
11:25:13.800 FATAL loogingfile.LoggingFile -Fatal Message Logged
11:25:33.564 DEBUG demo.LoggingDemo -Debug message logged
11:25:33.570 ERROR demo.LoggingDemo -Error message logged
11:25:33.570 FATAL demo.LoggingDemo -Fatal Message Logged
